<?xml version="1.0" encoding="UTF-8"?>
<!-- Generated by org.testng.reporters.JUnitXMLReporter -->
<testsuite ignored="1" hostname="QATest-1721815" failures="0" tests="4" name="Test" time="3.7" errors="0" timestamp="2020-11-06T19:01:45 IST">
  <testcase classname="testcases.TC001_HealthCheck" name="@BeforeClass HealthCheckConfig" time="0.002">
    <failure type="java.lang.NullPointerException">
      <![CDATA[java.lang.NullPointerException
at testcases.TC001_HealthCheck.HealthCheckConfig(TC001_HealthCheck.java:16)
at java.base/java.util.ArrayList.forEach(ArrayList.java:1507)
... Removed 25 stack frames]]>
    </failure>
  </testcase> <!-- @BeforeClass HealthCheckConfig -->
  <testcase classname="testcases.TC002_EULATest" name="ValidateStatus" time="0.013"/>
  <testcase classname="testcases.TC002_EULATest" name="ValidateResponce" time="0.028"/>
  <testcase classname="testcases.TC002_EULATest" name="Validateschema" time="0.669"/>
  <testcase classname="testcases.TC001_HealthCheck" name="HealthcheckTest" time="0.0">
    <skipped/>
  </testcase> <!-- HealthcheckTest -->
  <testcase classname="base.APIBase" name="@BeforeSuite initialSetup" time="0.0">
    <ignored/>
  </testcase> <!-- @BeforeSuite initialSetup -->
</testsuite> <!-- Test -->
