<?xml version="1.0" encoding="UTF-8"?>
<testng-results ignored="0" total="3" passed="3" failed="0" skipped="0">
  <reporter-output>
  </reporter-output>
  <suite started-at="2020-11-06T19:05:38 IST" name="Default suite" finished-at="2020-11-06T19:05:44 IST" duration-ms="5261">
    <groups>
    </groups>
    <test started-at="2020-11-06T19:05:38 IST" name="Default test" finished-at="2020-11-06T19:05:44 IST" duration-ms="5261">
      <class name="testcases.TC002_EULATest">
        <test-method is-config="true" signature="initialSetup()[pri:0, instance:testcases.TC002_EULATest@3967e60c]" started-at="2020-11-06T19:05:38 IST" name="initialSetup" finished-at="2020-11-06T19:05:38 IST" duration-ms="119" status="PASS">
          <reporter-output>
          </reporter-output>
        </test-method> <!-- initialSetup -->
        <test-method is-config="true" signature="EULAConfig()[pri:0, instance:testcases.TC002_EULATest@3967e60c]" started-at="2020-11-06T19:05:39 IST" name="EULAConfig" finished-at="2020-11-06T19:05:43 IST" duration-ms="4222" status="PASS">
          <reporter-output>
          </reporter-output>
        </test-method> <!-- EULAConfig -->
        <test-method signature="ValidateStatus()[pri:1, instance:testcases.TC002_EULATest@3967e60c]" started-at="2020-11-06T19:05:43 IST" name="ValidateStatus" finished-at="2020-11-06T19:05:43 IST" duration-ms="16" status="PASS">
          <reporter-output>
          </reporter-output>
        </test-method> <!-- ValidateStatus -->
        <test-method signature="ValidateResponce()[pri:2, instance:testcases.TC002_EULATest@3967e60c]" started-at="2020-11-06T19:05:43 IST" name="ValidateResponce" finished-at="2020-11-06T19:05:43 IST" duration-ms="64" status="PASS">
          <reporter-output>
          </reporter-output>
        </test-method> <!-- ValidateResponce -->
        <test-method signature="Validateschema()[pri:3, instance:testcases.TC002_EULATest@3967e60c]" started-at="2020-11-06T19:05:43 IST" name="Validateschema" finished-at="2020-11-06T19:05:44 IST" duration-ms="890" status="PASS">
          <reporter-output>
          </reporter-output>
        </test-method> <!-- Validateschema -->
      </class> <!-- testcases.TC002_EULATest -->
    </test> <!-- Default test -->
  </suite> <!-- Default suite -->
</testng-results>
