<?xml version="1.0" encoding="UTF-8"?>
<!-- Generated by org.testng.reporters.JUnitXMLReporter -->
<testsuite ignored="0" hostname="QATest-1721815" failures="0" tests="3" name="Default test" time="5.261" errors="0" timestamp="2020-11-06T19:05:44 IST">
  <testcase classname="testcases.TC002_EULATest" name="ValidateStatus" time="0.016"/>
  <testcase classname="testcases.TC002_EULATest" name="ValidateResponce" time="0.064"/>
  <testcase classname="testcases.TC002_EULATest" name="Validateschema" time="0.89"/>
</testsuite> <!-- Default test -->
