<?xml version="1.0" encoding="UTF-8"?>
<!-- Generated by org.testng.reporters.JUnitXMLReporter -->
<testsuite ignored="0" hostname="QATest-1721815" failures="0" tests="3" name="EULACheck" time="4.487" errors="0" timestamp="2020-11-06T19:04:20 IST">
  <testcase classname="testcases.TC002_EULATest" name="ValidateStatus" time="0.007"/>
  <testcase classname="testcases.TC002_EULATest" name="ValidateResponce" time="0.035"/>
  <testcase classname="testcases.TC002_EULATest" name="Validateschema" time="1.006"/>
</testsuite> <!-- EULACheck -->
