<?xml version="1.0" encoding="UTF-8"?>
<!-- Generated by org.testng.reporters.JUnitXMLReporter -->
<testsuite ignored="0" hostname="QATest-1721815" failures="0" tests="3" name="HealthCheck" time="0.073" errors="0" timestamp="2020-11-06T19:04:16 IST">
  <testcase classname="testcases.TC002_EULATest" name="@BeforeClass EULAConfig" time="0.0">
    <failure type="java.lang.NullPointerException">
      <![CDATA[java.lang.NullPointerException
at testcases.TC002_EULATest.EULAConfig(TC002_EULATest.java:18)
at java.base/java.util.ArrayList.forEach(ArrayList.java:1507)
... Removed 25 stack frames]]>
    </failure>
  </testcase> <!-- @BeforeClass EULAConfig -->
  <testcase classname="testcases.TC002_EULATest" name="ValidateStatus" time="0.0">
    <skipped/>
  </testcase> <!-- ValidateStatus -->
  <testcase classname="testcases.TC002_EULATest" name="ValidateResponce" time="0.0">
    <skipped/>
  </testcase> <!-- ValidateResponce -->
  <testcase classname="testcases.TC002_EULATest" name="Validateschema" time="0.0">
    <skipped/>
  </testcase> <!-- Validateschema -->
</testsuite> <!-- HealthCheck -->
